<?xml version="1.0" encoding="UTF-8"?>
<!-- Generated by org.testng.reporters.JUnitReportReporter -->
<testsuite hostname="MrAdarsh" failures="0" tests="4" name="ABCP_TestClass.TestClass_ChannelPartner" time="12.724" errors="0" timestamp="2024-11-13T16:13:39 IST" skipped="0">
  <testcase classname="ABCP_TestClass.TestClass_ChannelPartner" name="Click_On_the_ChannelPartner" time="0.276"/>
  <testcase classname="ABCP_TestClass.TestClass_ChannelPartner" name="Find_ChannelPartnerName_and_Click" time="1.560"/>
  <testcase classname="ABCP_TestClass.TestClass_ChannelPartner" name="click_On_the_EditChannelPartner_Button" time="0.509"/>
  <testcase classname="ABCP_TestClass.TestClass_ChannelPartner" name="Edit_CompanyName" time="10.379"/>
</testsuite> <!-- ABCP_TestClass.TestClass_ChannelPartner -->
