<?xml version="1.0" encoding="UTF-8"?>
<!-- Generated by org.testng.reporters.JUnitReportReporter -->
<testsuite hostname="MrAdarsh" failures="0" tests="1" name="ABCP_TestClass.TestClass_Login" time="4.662" errors="0" timestamp="2024-11-13T16:13:39 IST" skipped="0">
  <testcase classname="ABCP_TestClass.TestClass_Login" name="Login_With_Valid_Credentials" time="4.662"/>
</testsuite> <!-- ABCP_TestClass.TestClass_Login -->
