<?xml version="1.0" encoding="UTF-8"?>
<!-- Generated by org.testng.reporters.JUnitReportReporter -->
<testsuite hostname="MrAdarsh" failures="0" tests="28" name="ABCP_TestClass.TestClass_Projects" time="17.376" errors="0" timestamp="2024-11-12T18:24:02 IST" skipped="0">
  <testcase classname="ABCP_TestClass.TestClass_Projects" name="Close_Pop_Up" time="2.231"/>
  <testcase classname="ABCP_TestClass.TestClass_Projects" name="Open_Project_Tab" time="1.194"/>
  <testcase classname="ABCP_TestClass.TestClass_Projects" name="Add_Project" time="0.283"/>
  <testcase classname="ABCP_TestClass.TestClass_Projects" name="Enter_PRoject_Ref_ID" time="0.129"/>
  <testcase classname="ABCP_TestClass.TestClass_Projects" name="Enter_Project_Name" time="0.115"/>
  <testcase classname="ABCP_TestClass.TestClass_Projects" name="Enter_Description" time="0.279"/>
  <testcase classname="ABCP_TestClass.TestClass_Projects" name="select_Cover_Image" time="0.129"/>
  <testcase classname="ABCP_TestClass.TestClass_Projects" name="select_Sales_Kit" time="0.070"/>
  <testcase classname="ABCP_TestClass.TestClass_Projects" name="Enter_Website" time="0.160"/>
  <testcase classname="ABCP_TestClass.TestClass_Projects" name="Enter_Address_Line_1" time="0.189"/>
  <testcase classname="ABCP_TestClass.TestClass_Projects" name="Enter_Address_Line_2" time="0.132"/>
  <testcase classname="ABCP_TestClass.TestClass_Projects" name="enter_Postal_Code" time="0.154"/>
  <testcase classname="ABCP_TestClass.TestClass_Projects" name="Select_Contry" time="0.548"/>
  <testcase classname="ABCP_TestClass.TestClass_Projects" name="Select_State" time="0.299"/>
  <testcase classname="ABCP_TestClass.TestClass_Projects" name="Select_City" time="0.435"/>
  <testcase classname="ABCP_TestClass.TestClass_Projects" name="Locality" time="0.209"/>
  <testcase classname="ABCP_TestClass.TestClass_Projects" name="Latitude" time="0.159"/>
  <testcase classname="ABCP_TestClass.TestClass_Projects" name="Longitude" time="0.109"/>
  <testcase classname="ABCP_TestClass.TestClass_Projects" name="ProjectType_Residential" time="0.121"/>
  <testcase classname="ABCP_TestClass.TestClass_Projects" name="ProjectType_Commercial" time="0.151"/>
  <testcase classname="ABCP_TestClass.TestClass_Projects" name="Amenities" time="0.503"/>
  <testcase classname="ABCP_TestClass.TestClass_Projects" name="Kids_Amenities" time="2.223"/>
  <testcase classname="ABCP_TestClass.TestClass_Projects" name="Select_Area_Type" time="0.002"/>
  <testcase classname="ABCP_TestClass.TestClass_Projects" name="Space_Type_1BHK" time="0.939"/>
  <testcase classname="ABCP_TestClass.TestClass_Projects" name="Space_Type_2BHK" time="1.171"/>
  <testcase classname="ABCP_TestClass.TestClass_Projects" name="Space_Type_3BHK" time="1.036"/>
  <testcase classname="ABCP_TestClass.TestClass_Projects" name="Commercial_Amenities" time="1.357"/>
  <testcase classname="ABCP_TestClass.TestClass_Projects" name="Space_Type" time="3.049"/>
</testsuite> <!-- ABCP_TestClass.TestClass_Projects -->
